[24/Mar/2022:19:53:10] (I): WordPress Instance Info:
[24/Mar/2022:19:53:10] (I): Home URL : http://localhost/wordpress
[24/Mar/2022:19:53:10] (I): Site URL : http://localhost/wordpress
[24/Mar/2022:19:53:10] (I): WordPress Version : 5.9.2
[24/Mar/2022:19:53:10] (I): Onboarding Version : 1.1.21
[24/Mar/2022:19:53:10] (I): Multisite : No
[24/Mar/2022:19:53:10] (I): Server Info : Apache/2.4.52 (Win64) OpenSSL/1.1.1m PHP/7.4.27
[24/Mar/2022:19:53:10] (I): PHP Version : 7.4.27
[24/Mar/2022:19:53:10] (I): HTTPS : No
[24/Mar/2022:19:53:10] (I): PHP Max Execution Time : 120
[24/Mar/2022:19:53:10] (I): PHP Max Input Vars : 1000
[24/Mar/2022:19:53:10] (I): Max Upload Size : 41943040
[24/Mar/2022:19:53:10] (I): Plugins:
[24/Mar/2022:19:53:10] (I): [PLUGIN] chat-me-now : v1.0.2 (Frank Ortiz)
[24/Mar/2022:19:53:10] (I): [PLUGIN] Elementor Pro : v3.5.2 (Elementor.com)
[24/Mar/2022:19:53:10] (I): [PLUGIN] Elementor : v3.5.6 (Elementor.com)
[24/Mar/2022:19:53:10] (I): [PLUGIN] Envato Elements : v2.0.11 (Envato)
[24/Mar/2022:19:53:10] (I): [PLUGIN] Templates Patterns Collection : v1.1.21 (ThemeIsle)
[24/Mar/2022:19:53:10] (P): Saving remote XML
[24/Mar/2022:19:53:11] (S): Saved remote XML at path D:\Prg Install\XAMPP\htdocs\wordpress/wp-content/uploads/themeisle-demo-import.xml.
[24/Mar/2022:19:53:11] (P): Starting content import...
[24/Mar/2022:19:53:11] (S): Import started.
[24/Mar/2022:19:53:11] (S): Parsing XML file.
[24/Mar/2022:19:53:11] (P): Starting parsing file:D:\Prg Install\XAMPP\htdocs\wordpress/wp-content/uploads/themeisle-demo-import.xml
[24/Mar/2022:19:53:11] (P): Using WXR_Parser_SimpleXML...
[24/Mar/2022:19:53:11] (S): Parsed XML
[24/Mar/2022:19:53:11] (P): Processing categories...
[24/Mar/2022:19:53:11] (S): Processed categories.
[24/Mar/2022:19:53:11] (P): Processing tags...
[24/Mar/2022:19:53:11] (S): No tags to process.
[24/Mar/2022:19:53:11] (P): Processing terms...
[24/Mar/2022:19:53:11] (W): Failed to import tcb_symbols_tax Footers
[24/Mar/2022:19:53:11] (E): Taxonomía no válida.
[24/Mar/2022:19:53:11] (W): Failed to import tcb_symbols_tax Headers
[24/Mar/2022:19:53:11] (E): Taxonomía no válida.
[24/Mar/2022:19:53:11] (S): Processed terms.
[24/Mar/2022:19:53:11] (P): Processing posts...
[24/Mar/2022:19:53:11] (P): Processing attachment: https://s33834.pcdn.co/web-agency-gb/wp-content/uploads/sites/422/2020/01/neve-webdesign-GB-01.png...
[24/Mar/2022:19:53:11] (P): Fetching attachment from url: https://s33834.pcdn.co/web-agency-gb/wp-content/uploads/sites/422/2020/01/neve-webdesign-GB-01.png...
[24/Mar/2022:19:53:11] (S): Fetched remote attachment.
[24/Mar/2022:19:53:11] (P): Inserting attachment...
[24/Mar/2022:19:53:11] (S): Attachment inserted
[24/Mar/2022:19:53:11] (S): Processed attachment.
[24/Mar/2022:19:53:11] (P): Processing attachment: https://s33834.pcdn.co/web-agency-gb/wp-content/uploads/sites/422/2020/01/neve-webdesign-GB-03.png...
[24/Mar/2022:19:53:11] (P): Fetching attachment from url: https://s33834.pcdn.co/web-agency-gb/wp-content/uploads/sites/422/2020/01/neve-webdesign-GB-03.png...
[24/Mar/2022:19:53:12] (S): Fetched remote attachment.
[24/Mar/2022:19:53:12] (P): Inserting attachment...
[24/Mar/2022:19:53:12] (S): Attachment inserted
[24/Mar/2022:19:53:12] (S): Processed attachment.
[24/Mar/2022:19:53:12] (P): Processing attachment: https://s33834.pcdn.co/web-agency-gb/wp-content/uploads/sites/422/2020/01/neve-webdesign-GB-04.png...
[24/Mar/2022:19:53:12] (P): Fetching attachment from url: https://s33834.pcdn.co/web-agency-gb/wp-content/uploads/sites/422/2020/01/neve-webdesign-GB-04.png...
[24/Mar/2022:19:53:12] (S): Fetched remote attachment.
[24/Mar/2022:19:53:12] (P): Inserting attachment...
[24/Mar/2022:19:53:12] (S): Attachment inserted
[24/Mar/2022:19:53:12] (S): Processed attachment.
[24/Mar/2022:19:53:12] (P): Processing attachment: https://s33834.pcdn.co/web-agency-gb/wp-content/uploads/sites/422/2020/01/neve-web-design-bg-08.jpg...
[24/Mar/2022:19:53:12] (P): Fetching attachment from url: https://s33834.pcdn.co/web-agency-gb/wp-content/uploads/sites/422/2020/01/neve-web-design-bg-08.jpg...
[24/Mar/2022:19:53:12] (S): Fetched remote attachment.
[24/Mar/2022:19:53:12] (P): Inserting attachment...
[24/Mar/2022:19:53:12] (S): Attachment inserted
[24/Mar/2022:19:53:12] (S): Processed attachment.
[24/Mar/2022:19:53:12] (P): Processing attachment: https://s33834.pcdn.co/web-agency-gb/wp-content/uploads/sites/422/2020/01/neve-web-design-bg-09.jpg...
[24/Mar/2022:19:53:12] (P): Fetching attachment from url: https://s33834.pcdn.co/web-agency-gb/wp-content/uploads/sites/422/2020/01/neve-web-design-bg-09.jpg...
[24/Mar/2022:19:53:13] (S): Fetched remote attachment.
[24/Mar/2022:19:53:13] (P): Inserting attachment...
[24/Mar/2022:19:53:13] (S): Attachment inserted
[24/Mar/2022:19:53:13] (S): Processed attachment.
[24/Mar/2022:19:53:13] (P): Processing attachment: https://s33834.pcdn.co/web-agency-gb/wp-content/uploads/sites/422/2020/01/neve-web-design-bg-10.jpg...
[24/Mar/2022:19:53:13] (P): Fetching attachment from url: https://s33834.pcdn.co/web-agency-gb/wp-content/uploads/sites/422/2020/01/neve-web-design-bg-10.jpg...
[24/Mar/2022:19:53:13] (S): Fetched remote attachment.
[24/Mar/2022:19:53:13] (P): Inserting attachment...
[24/Mar/2022:19:53:13] (S): Attachment inserted
[24/Mar/2022:19:53:13] (S): Processed attachment.
[24/Mar/2022:19:53:13] (P): Processing attachment: https://s33834.pcdn.co/web-agency-gb/wp-content/uploads/sites/422/2020/01/neve-web-design-bg-11.jpg...
[24/Mar/2022:19:53:13] (P): Fetching attachment from url: https://s33834.pcdn.co/web-agency-gb/wp-content/uploads/sites/422/2020/01/neve-web-design-bg-11.jpg...
[24/Mar/2022:19:53:13] (S): Fetched remote attachment.
[24/Mar/2022:19:53:13] (P): Inserting attachment...
[24/Mar/2022:19:53:13] (S): Attachment inserted
[24/Mar/2022:19:53:13] (S): Processed attachment.
[24/Mar/2022:19:53:13] (P): Processing attachment: https://s33834.pcdn.co/web-agency-gb/wp-content/uploads/sites/422/2020/01/neve-web-design-bg-12.jpg...
[24/Mar/2022:19:53:13] (P): Fetching attachment from url: https://s33834.pcdn.co/web-agency-gb/wp-content/uploads/sites/422/2020/01/neve-web-design-bg-12.jpg...
[24/Mar/2022:19:53:14] (S): Fetched remote attachment.
[24/Mar/2022:19:53:14] (P): Inserting attachment...
[24/Mar/2022:19:53:14] (S): Attachment inserted
[24/Mar/2022:19:53:14] (S): Processed attachment.
[24/Mar/2022:19:53:14] (P): Processing attachment: https://s33834.pcdn.co/web-agency-gb/wp-content/uploads/sites/422/2020/01/neve-web-design-bg-13.jpg...
[24/Mar/2022:19:53:14] (P): Fetching attachment from url: https://s33834.pcdn.co/web-agency-gb/wp-content/uploads/sites/422/2020/01/neve-web-design-bg-13.jpg...
[24/Mar/2022:19:53:14] (S): Fetched remote attachment.
[24/Mar/2022:19:53:14] (P): Inserting attachment...
[24/Mar/2022:19:53:14] (S): Attachment inserted
[24/Mar/2022:19:53:14] (S): Processed attachment.
[24/Mar/2022:19:53:14] (P): Processing attachment: https://s33834.pcdn.co/web-agency-gb/wp-content/uploads/sites/422/2020/01/neve-web-design-bg-14.jpg...
[24/Mar/2022:19:53:14] (P): Fetching attachment from url: https://s33834.pcdn.co/web-agency-gb/wp-content/uploads/sites/422/2020/01/neve-web-design-bg-14.jpg...
[24/Mar/2022:19:53:14] (S): Fetched remote attachment.
[24/Mar/2022:19:53:14] (P): Inserting attachment...
[24/Mar/2022:19:53:14] (S): Attachment inserted
[24/Mar/2022:19:53:14] (S): Processed attachment.
[24/Mar/2022:19:53:14] (P): Processing attachment: https://s33834.pcdn.co/web-agency-gb/wp-content/uploads/sites/422/2020/01/neve-web-design-bg-15.jpg...
[24/Mar/2022:19:53:14] (P): Fetching attachment from url: https://s33834.pcdn.co/web-agency-gb/wp-content/uploads/sites/422/2020/01/neve-web-design-bg-15.jpg...
[24/Mar/2022:19:53:15] (S): Fetched remote attachment.
[24/Mar/2022:19:53:15] (P): Inserting attachment...
[24/Mar/2022:19:53:15] (S): Attachment inserted
[24/Mar/2022:19:53:15] (S): Processed attachment.
[24/Mar/2022:19:53:15] (P): Processing attachment: https://s33834.pcdn.co/web-agency-gb/wp-content/uploads/sites/422/2020/06/cropped-web-agency-icon.png...
[24/Mar/2022:19:53:15] (P): Fetching attachment from url: https://s33834.pcdn.co/web-agency-gb/wp-content/uploads/sites/422/2020/06/cropped-web-agency-icon.png...
[24/Mar/2022:19:53:15] (S): Fetched remote attachment.
[24/Mar/2022:19:53:15] (P): Inserting attachment...
[24/Mar/2022:19:53:15] (S): Attachment inserted
[24/Mar/2022:19:53:15] (S): Processed attachment.
[24/Mar/2022:19:53:15] (P): Processing attachment: https://s33834.pcdn.co/web-agency-gb/wp-content/uploads/sites/422/2020/07/web-design-studio-01.jpg.jpg...
[24/Mar/2022:19:53:15] (P): Fetching attachment from url: https://s33834.pcdn.co/web-agency-gb/wp-content/uploads/sites/422/2020/07/web-design-studio-01.jpg.jpg...
[24/Mar/2022:19:53:15] (S): Fetched remote attachment.
[24/Mar/2022:19:53:15] (P): Inserting attachment...
[24/Mar/2022:19:53:15] (S): Attachment inserted
[24/Mar/2022:19:53:15] (S): Processed attachment.
[24/Mar/2022:19:53:15] (P): Processing attachment: https://s33834.pcdn.co/web-agency-gb/wp-content/uploads/sites/422/2020/12/web-agency-logo-3.png...
[24/Mar/2022:19:53:15] (P): Fetching attachment from url: https://s33834.pcdn.co/web-agency-gb/wp-content/uploads/sites/422/2020/12/web-agency-logo-3.png...
[24/Mar/2022:19:53:16] (S): Fetched remote attachment.
[24/Mar/2022:19:53:16] (P): Inserting attachment...
[24/Mar/2022:19:53:16] (S): Attachment inserted
[24/Mar/2022:19:53:16] (S): Processed attachment.
[24/Mar/2022:19:53:16] (P): Processing attachment: https://s33834.pcdn.co/web-agency-gb/wp-content/uploads/sites/422/2020/12/neve-web-design-studio-02.1.jpg...
[24/Mar/2022:19:53:16] (P): Fetching attachment from url: https://s33834.pcdn.co/web-agency-gb/wp-content/uploads/sites/422/2020/12/neve-web-design-studio-02.1.jpg...
[24/Mar/2022:19:53:16] (S): Fetched remote attachment.
[24/Mar/2022:19:53:16] (P): Inserting attachment...
[24/Mar/2022:19:53:16] (S): Attachment inserted
[24/Mar/2022:19:53:16] (S): Processed attachment.
[24/Mar/2022:19:53:16] (P): Processing attachment: https://s33834.pcdn.co/web-agency-gb/wp-content/uploads/sites/422/2020/12/neve-web-design-studio-03.1.jpg...
[24/Mar/2022:19:53:16] (P): Fetching attachment from url: https://s33834.pcdn.co/web-agency-gb/wp-content/uploads/sites/422/2020/12/neve-web-design-studio-03.1.jpg...
[24/Mar/2022:19:53:16] (S): Fetched remote attachment.
[24/Mar/2022:19:53:16] (P): Inserting attachment...
[24/Mar/2022:19:53:16] (S): Attachment inserted
[24/Mar/2022:19:53:16] (S): Processed attachment.
[24/Mar/2022:19:53:16] (P): Processing attachment: https://s33834.pcdn.co/web-agency-gb/wp-content/uploads/sites/422/2020/12/neve-web-design-studio-04.1.jpg...
[24/Mar/2022:19:53:16] (P): Fetching attachment from url: https://s33834.pcdn.co/web-agency-gb/wp-content/uploads/sites/422/2020/12/neve-web-design-studio-04.1.jpg...
[24/Mar/2022:19:53:17] (S): Fetched remote attachment.
[24/Mar/2022:19:53:17] (P): Inserting attachment...
[24/Mar/2022:19:53:17] (S): Attachment inserted
[24/Mar/2022:19:53:17] (S): Processed attachment.
[24/Mar/2022:19:53:17] (P): Processing attachment: https://s33834.pcdn.co/web-agency-gb/wp-content/uploads/sites/422/2020/12/neve-web-design-studio-07.1.png...
[24/Mar/2022:19:53:17] (P): Fetching attachment from url: https://s33834.pcdn.co/web-agency-gb/wp-content/uploads/sites/422/2020/12/neve-web-design-studio-07.1.png...
[24/Mar/2022:19:53:18] (S): Fetched remote attachment.
[24/Mar/2022:19:53:18] (P): Inserting attachment...
[24/Mar/2022:19:53:18] (S): Attachment inserted
[24/Mar/2022:19:53:18] (S): Processed attachment.
[24/Mar/2022:19:53:18] (P): Processing attachment: https://s33834.pcdn.co/web-agency-gb/wp-content/uploads/sites/422/2021/06/phone-sm.png...
[24/Mar/2022:19:53:18] (P): Fetching attachment from url: https://s33834.pcdn.co/web-agency-gb/wp-content/uploads/sites/422/2021/06/phone-sm.png...
[24/Mar/2022:19:53:18] (S): Fetched remote attachment.
[24/Mar/2022:19:53:18] (P): Inserting attachment...
[24/Mar/2022:19:53:18] (S): Attachment inserted
[24/Mar/2022:19:53:18] (S): Processed attachment.
[24/Mar/2022:19:53:18] (P): Processing attachment: https://s33834.pcdn.co/web-agency-gb/wp-content/uploads/sites/422/2021/06/location-sm.png...
[24/Mar/2022:19:53:18] (P): Fetching attachment from url: https://s33834.pcdn.co/web-agency-gb/wp-content/uploads/sites/422/2021/06/location-sm.png...
[24/Mar/2022:19:53:18] (S): Fetched remote attachment.
[24/Mar/2022:19:53:18] (P): Inserting attachment...
[24/Mar/2022:19:53:18] (S): Attachment inserted
[24/Mar/2022:19:53:18] (S): Processed attachment.
[24/Mar/2022:19:53:18] (P): Inserting post: 5 UX Principles for Creating a Great Website .
[24/Mar/2022:19:53:18] (S): Done inserting post: 5 UX Principles for Creating a Great Website .
[24/Mar/2022:19:53:18] (P): Inserting page: News .
[24/Mar/2022:19:53:18] (S): Done inserting page: News .
[24/Mar/2022:19:53:18] (P): Inserting page: Home .
[24/Mar/2022:19:53:18] (S): Done inserting page: Home .
[24/Mar/2022:19:53:19] (P): Processing single menu item ' '...
[24/Mar/2022:19:53:19] (S): Processed single menu item.
[24/Mar/2022:19:53:19] (P): Processing single menu item ' '...
[24/Mar/2022:19:53:19] (S): Processed single menu item.
[24/Mar/2022:19:53:19] (P): Inserting post: Web Design Trends for 2022 .
[24/Mar/2022:19:53:19] (S): Done inserting post: Web Design Trends for 2022 .
[24/Mar/2022:19:53:19] (P): Inserting post: A Simple Guide to Design Thinking .
[24/Mar/2022:19:53:19] (S): Done inserting post: A Simple Guide to Design Thinking .
[24/Mar/2022:19:53:19] (P): Inserting page: About Us .
[24/Mar/2022:19:53:19] (S): Done inserting page: About Us .
[24/Mar/2022:19:53:19] (P): Processing single menu item ' '...
[24/Mar/2022:19:53:19] (S): Processed single menu item.
[24/Mar/2022:19:53:19] (P): Inserting page: Portfolio .
[24/Mar/2022:19:53:19] (S): Done inserting page: Portfolio .
[24/Mar/2022:19:53:19] (P): Inserting page: Portfolio Single .
[24/Mar/2022:19:53:19] (S): Done inserting page: Portfolio Single .
[24/Mar/2022:19:53:19] (P): Processing single menu item ' '...
[24/Mar/2022:19:53:19] (S): Processed single menu item.
[24/Mar/2022:19:53:19] (P): Processing single menu item ' '...
[24/Mar/2022:19:53:19] (S): Processed single menu item.
[24/Mar/2022:19:53:19] (P): Inserting page: Contact Us .
[24/Mar/2022:19:53:19] (S): Done inserting page: Contact Us .
[24/Mar/2022:19:53:19] (P): Processing single menu item ' '...
[24/Mar/2022:19:53:19] (S): Processed single menu item.
[24/Mar/2022:19:53:19] (P): Inserting custom_css: neve .
[24/Mar/2022:19:53:19] (S): Done inserting custom_css: neve .
[24/Mar/2022:19:53:19] (P): Processing attachment: https://s33834.pcdn.co/web-agency-gb/wp-content/uploads/sites/422/2021/06/email-sm.png...
[24/Mar/2022:19:53:19] (P): Fetching attachment from url: https://s33834.pcdn.co/web-agency-gb/wp-content/uploads/sites/422/2021/06/email-sm.png...
[24/Mar/2022:19:53:20] (S): Fetched remote attachment.
[24/Mar/2022:19:53:20] (P): Inserting attachment...
[24/Mar/2022:19:53:20] (S): Attachment inserted
[24/Mar/2022:19:53:20] (S): Processed attachment.
[24/Mar/2022:19:53:20] (P): Inserting post: Best Calligraphy Fonts for Logos .
[24/Mar/2022:19:53:20] (S): Done inserting post: Best Calligraphy Fonts for Logos .
[24/Mar/2022:19:53:20] (P): Inserting post: Knowing Your User. The importance of User Research. .
[24/Mar/2022:19:53:20] (S): Done inserting post: Knowing Your User. The importance of User Research. .
[24/Mar/2022:19:53:20] (P): Inserting post: What is the Progressive Web App (PWA) and how it works? .
[24/Mar/2022:19:53:20] (S): Done inserting post: What is the Progressive Web App (PWA) and how it works? .
[24/Mar/2022:19:53:20] (P): Inserting wp_block: 3 column section .
[24/Mar/2022:19:53:20] (S): Done inserting wp_block: 3 column section .
[24/Mar/2022:19:53:20] (P): Inserting wp_block: Team Social Icons .
[24/Mar/2022:19:53:20] (S): Done inserting wp_block: Team Social Icons .
[24/Mar/2022:19:53:20] (S): Processed posts.
[24/Mar/2022:19:53:21] (P): Cleaning up import with id ...
[24/Mar/2022:19:53:21] (P): Done cleanup. Flushing cache...
[24/Mar/2022:19:53:21] (P): Flushed cache. Removing temporary data..
[24/Mar/2022:19:53:21] (S): Done importing
[24/Mar/2022:19:53:21] (P): Busting elementor cache
[24/Mar/2022:19:53:21] (S): Front page set up with id: 5.
